<?xml version="1.0" encoding="UTF-8"?>
<!-- Generated by org.testng.reporters.JUnitReportReporter -->
<testsuite hostname="DESKTOP-515TULK" failures="0" tests="1" name="test.MajortestClass" time="17.276" errors="0" timestamp="2024-06-03T11:42:08 IST" skipped="0">
  <testcase classname="test.MajortestClass" name="purchase" time="17.276"/>
</testsuite> <!-- test.MajortestClass -->
