<?xml version="1.0" encoding="UTF-8"?>
<!-- Generated by org.testng.reporters.JUnitReportReporter -->
<testsuite hostname="DESKTOP-515TULK" failures="0" tests="1" name="test.MajortestClass" time="46.791" errors="0" timestamp="2024-06-02T22:42:10 IST" skipped="0">
  <testcase classname="test.MajortestClass" name="purchase" time="46.791"/>
</testsuite> <!-- test.MajortestClass -->
